2020-05-12 17:35:32,345 INFO  [main] org.springframework.cloud.config.client.ConfigServicePropertySourceLocator : Fetching config from server at : http://localhost:8888
2020-05-12 17:35:32,617 INFO  [main] org.springframework.cloud.config.client.ConfigServicePropertySourceLocator : Connect Timeout Exception on Url - http://localhost:8888. Will be trying the next url if available
2020-05-12 17:35:32,617 WARN  [main] org.springframework.cloud.config.client.ConfigServicePropertySourceLocator : Could not locate PropertySource: I/O error on GET request for "http://localhost:8888/backend-citas-usuario/prod": Conexi贸n rehusada (Connection refused); nested exception is java.net.ConnectException: Conexi贸n rehusada (Connection refused)
2020-05-12 17:35:32,634 INFO  [main] com.citas.usuario.SistemaCitasUsuarioApplicationTests : The following profiles are active: prod
2020-05-12 17:35:34,346 INFO  [main] org.springframework.data.repository.config.RepositoryConfigurationDelegate : Bootstrapping Spring Data JPA repositories in DEFAULT mode.
2020-05-12 17:35:34,885 INFO  [main] org.springframework.data.repository.config.RepositoryConfigurationDelegate : Finished Spring Data repository scanning in 424ms. Found 2 JPA repository interfaces.
2020-05-12 17:35:35,593 INFO  [main] org.springframework.cloud.context.scope.GenericScope : BeanFactory id=802045c3-2200-353d-9398-8b9e05e6d075
2020-05-12 17:35:36,456 INFO  [main] org.springframework.context.support.PostProcessorRegistrationDelegate$BeanPostProcessorChecker : Bean 'org.springframework.transaction.annotation.ProxyTransactionManagementConfiguration' of type [org.springframework.transaction.annotation.ProxyTransactionManagementConfiguration] is not eligible for getting processed by all BeanPostProcessors (for example: not eligible for auto-proxying)
2020-05-12 17:35:37,011 INFO  [main] com.zaxxer.hikari.HikariDataSource : HikariPool-1 - Starting...
2020-05-12 17:35:37,306 INFO  [main] com.zaxxer.hikari.HikariDataSource : HikariPool-1 - Start completed.
2020-05-12 17:35:39,294 INFO  [main] org.springframework.orm.jpa.LocalContainerEntityManagerFactoryBean : Initialized JPA EntityManagerFactory for persistence unit 'default'
2020-05-12 17:35:39,950 WARN  [main] org.springframework.cloud.sleuth.zipkin2.ZipkinAutoConfiguration : Check result of the [AsyncReporter{org.springframework.cloud.sleuth.zipkin2.sender.RestTemplateSender@7bb3294c}] contains an error [CheckResult{ok=false, error=org.springframework.web.client.ResourceAccessException: I/O error on POST request for "http://localhost:9411/api/v2/spans": Conexi贸n rehusada (Connection refused); nested exception is java.net.ConnectException: Conexi贸n rehusada (Connection refused)}]
2020-05-12 17:35:41,522 WARN  [main] com.netflix.config.sources.URLConfigurationSource : No URLs will be polled as dynamic configuration sources.
2020-05-12 17:35:41,522 INFO  [main] com.netflix.config.sources.URLConfigurationSource : To enable URLs as dynamic configuration sources, define System property archaius.configurationSource.additionalUrls or make config.properties available on classpath.
2020-05-12 17:35:41,677 WARN  [main] com.netflix.config.sources.URLConfigurationSource : No URLs will be polled as dynamic configuration sources.
2020-05-12 17:35:41,677 INFO  [main] com.netflix.config.sources.URLConfigurationSource : To enable URLs as dynamic configuration sources, define System property archaius.configurationSource.additionalUrls or make config.properties available on classpath.
2020-05-12 17:35:41,833 WARN  [main] org.springframework.boot.autoconfigure.orm.jpa.JpaBaseConfiguration$JpaWebConfiguration : spring.jpa.open-in-view is enabled by default. Therefore, database queries may be performed during view rendering. Explicitly configure spring.jpa.open-in-view to disable this warning
2020-05-12 17:35:42,552 INFO  [main] org.springframework.scheduling.concurrent.ThreadPoolTaskExecutor : Initializing ExecutorService 'applicationTaskExecutor'
2020-05-12 17:35:43,543 WARN  [main] org.springframework.cloud.loadbalancer.config.BlockingLoadBalancerClientAutoConfiguration$BlockingLoadBalancerClientRibbonWarnLogger : You already have RibbonLoadBalancerClient on your classpath. It will be used by default. As Spring Cloud Ribbon is in maintenance mode. We recommend switching to BlockingLoadBalancerClient instead. In order to use it, set the value of `spring.cloud.loadbalancer.ribbon.enabled` to `false` or remove spring-cloud-starter-netflix-ribbon from your project.
2020-05-12 17:35:44,689 INFO  [main] com.citas.usuario.SistemaCitasUsuarioApplicationTests : Started SistemaCitasUsuarioApplicationTests in 14.578 seconds (JVM running for 17.776)
2020-05-12 17:35:45,024 INFO  [SpringContextShutdownHook] org.springframework.cloud.netflix.eureka.InstanceInfoFactory : Setting initial instance status as: STARTING
2020-05-12 17:35:45,031 INFO  [SpringContextShutdownHook] org.springframework.cloud.netflix.eureka.serviceregistry.EurekaServiceRegistry : Unregistering application BACKEND-CITAS-USUARIO with eureka with status DOWN
2020-05-12 17:35:45,038 INFO  [SpringContextShutdownHook] org.springframework.scheduling.concurrent.ThreadPoolTaskExecutor : Shutting down ExecutorService 'applicationTaskExecutor'
2020-05-12 17:35:45,950 INFO  [SpringContextShutdownHook] org.springframework.orm.jpa.LocalContainerEntityManagerFactoryBean : Closing JPA EntityManagerFactory for persistence unit 'default'
2020-05-12 17:35:45,953 ERROR [SpringContextShutdownHook] org.hibernate.tool.schema.internal.SchemaDropperImpl$DelayedDropActionImpl : HHH000478: Unsuccessful: drop table roles if exists
2020-05-12 17:35:45,954 ERROR [SpringContextShutdownHook] org.hibernate.tool.schema.internal.SchemaDropperImpl$DelayedDropActionImpl : HHH000478: Unsuccessful: drop table usuarios if exists
2020-05-12 17:35:45,962 INFO  [SpringContextShutdownHook] com.zaxxer.hikari.HikariDataSource : HikariPool-1 - Shutdown initiated...
2020-05-12 17:35:45,969 INFO  [SpringContextShutdownHook] com.zaxxer.hikari.HikariDataSource : HikariPool-1 - Shutdown completed.
