2020-05-06 15:41:11,891 INFO  [restartedMain] com.citas.usuario.SistemaCitasUsuarioApplication : The following profiles are active: dev
2020-05-06 15:41:14,486 INFO  [restartedMain] org.springframework.data.repository.config.RepositoryConfigurationDelegate : Bootstrapping Spring Data JPA repositories in DEFAULT mode.
2020-05-06 15:41:14,941 INFO  [restartedMain] org.springframework.data.repository.config.RepositoryConfigurationDelegate : Finished Spring Data repository scanning in 420ms. Found 2 JPA repository interfaces.
2020-05-06 15:41:15,580 INFO  [restartedMain] org.springframework.cloud.context.scope.GenericScope : BeanFactory id=4124bbde-bc41-3e72-a1ba-3c84d450b204
2020-05-06 15:41:15,952 INFO  [restartedMain] org.springframework.context.support.PostProcessorRegistrationDelegate$BeanPostProcessorChecker : Bean 'org.springframework.transaction.annotation.ProxyTransactionManagementConfiguration' of type [org.springframework.transaction.annotation.ProxyTransactionManagementConfiguration] is not eligible for getting processed by all BeanPostProcessors (for example: not eligible for auto-proxying)
2020-05-06 15:41:16,695 INFO  [restartedMain] org.springframework.boot.web.embedded.tomcat.TomcatWebServer : Tomcat initialized with port(s): 8010 (http)
2020-05-06 15:41:16,703 INFO  [restartedMain] org.apache.catalina.core.StandardService : Starting service [Tomcat]
2020-05-06 15:41:16,703 INFO  [restartedMain] org.apache.catalina.core.StandardEngine : Starting Servlet engine: [Apache Tomcat/9.0.29]
2020-05-06 15:41:16,807 INFO  [restartedMain] org.apache.catalina.core.ContainerBase.[Tomcat].[localhost].[/] : Initializing Spring embedded WebApplicationContext
2020-05-06 15:41:16,910 INFO  [restartedMain] com.zaxxer.hikari.HikariDataSource : HikariPool-1 - Starting...
2020-05-06 15:41:17,372 INFO  [restartedMain] com.zaxxer.hikari.HikariDataSource : HikariPool-1 - Start completed.
2020-05-06 15:41:17,378 INFO  [restartedMain] org.springframework.boot.autoconfigure.h2.H2ConsoleAutoConfiguration : H2 console available at '/h2-console'. Database available at 'jdbc:h2:mem:testdb'
2020-05-06 15:41:17,686 WARN  [restartedMain] org.springframework.cloud.sleuth.zipkin2.ZipkinAutoConfiguration : Check result of the [AsyncReporter{org.springframework.cloud.sleuth.zipkin2.sender.RestTemplateSender@315c73e7}] contains an error [CheckResult{ok=false, error=org.springframework.web.client.ResourceAccessException: I/O error on POST request for "http://localhost:9411/api/v2/spans": Conexión rehusada (Connection refused); nested exception is java.net.ConnectException: Conexión rehusada (Connection refused)}]
2020-05-06 15:41:19,546 INFO  [restartedMain] org.springframework.orm.jpa.LocalContainerEntityManagerFactoryBean : Initialized JPA EntityManagerFactory for persistence unit 'default'
2020-05-06 15:41:19,637 WARN  [restartedMain] org.springframework.boot.devtools.autoconfigure.OptionalLiveReloadServer : Unable to start LiveReload server
2020-05-06 15:41:20,254 WARN  [restartedMain] com.netflix.config.sources.URLConfigurationSource : No URLs will be polled as dynamic configuration sources.
2020-05-06 15:41:20,254 INFO  [restartedMain] com.netflix.config.sources.URLConfigurationSource : To enable URLs as dynamic configuration sources, define System property archaius.configurationSource.additionalUrls or make config.properties available on classpath.
2020-05-06 15:41:20,257 WARN  [restartedMain] com.netflix.config.sources.URLConfigurationSource : No URLs will be polled as dynamic configuration sources.
2020-05-06 15:41:20,257 INFO  [restartedMain] com.netflix.config.sources.URLConfigurationSource : To enable URLs as dynamic configuration sources, define System property archaius.configurationSource.additionalUrls or make config.properties available on classpath.
2020-05-06 15:41:20,385 WARN  [restartedMain] org.springframework.boot.autoconfigure.orm.jpa.JpaBaseConfiguration$JpaWebConfiguration : spring.jpa.open-in-view is enabled by default. Therefore, database queries may be performed during view rendering. Explicitly configure spring.jpa.open-in-view to disable this warning
2020-05-06 15:41:20,718 INFO  [restartedMain] org.springframework.scheduling.concurrent.ThreadPoolTaskExecutor : Initializing ExecutorService 'applicationTaskExecutor'
2020-05-06 15:41:21,353 WARN  [restartedMain] org.springframework.cloud.loadbalancer.config.BlockingLoadBalancerClientAutoConfiguration$BlockingLoadBalancerClientRibbonWarnLogger : You already have RibbonLoadBalancerClient on your classpath. It will be used by default. As Spring Cloud Ribbon is in maintenance mode. We recommend switching to BlockingLoadBalancerClient instead. In order to use it, set the value of `spring.cloud.loadbalancer.ribbon.enabled` to `false` or remove spring-cloud-starter-netflix-ribbon from your project.
2020-05-06 15:41:21,823 INFO  [restartedMain] org.springframework.cloud.netflix.eureka.InstanceInfoFactory : Setting initial instance status as: STARTING
2020-05-06 15:41:21,853 INFO  [restartedMain] com.netflix.discovery.DiscoveryClient : Initializing Eureka in region us-east-1
2020-05-06 15:41:22,015 INFO  [restartedMain] com.netflix.discovery.provider.DiscoveryJerseyProvider : Using JSON encoding codec LegacyJacksonJson
2020-05-06 15:41:22,016 INFO  [restartedMain] com.netflix.discovery.provider.DiscoveryJerseyProvider : Using JSON decoding codec LegacyJacksonJson
2020-05-06 15:41:22,178 INFO  [restartedMain] com.netflix.discovery.provider.DiscoveryJerseyProvider : Using XML encoding codec XStreamXml
2020-05-06 15:41:22,178 INFO  [restartedMain] com.netflix.discovery.provider.DiscoveryJerseyProvider : Using XML decoding codec XStreamXml
2020-05-06 15:41:22,370 INFO  [restartedMain] com.netflix.discovery.shared.resolver.aws.ConfigClusterResolver : Resolving eureka endpoints via configuration
2020-05-06 15:41:22,387 INFO  [restartedMain] com.netflix.discovery.DiscoveryClient : Disable delta property : false
2020-05-06 15:41:22,387 INFO  [restartedMain] com.netflix.discovery.DiscoveryClient : Single vip registry refresh property : null
2020-05-06 15:41:22,387 INFO  [restartedMain] com.netflix.discovery.DiscoveryClient : Force full registry fetch : false
2020-05-06 15:41:22,387 INFO  [restartedMain] com.netflix.discovery.DiscoveryClient : Application is null : false
2020-05-06 15:41:22,387 INFO  [restartedMain] com.netflix.discovery.DiscoveryClient : Registered Applications size is zero : true
2020-05-06 15:41:22,387 INFO  [restartedMain] com.netflix.discovery.DiscoveryClient : Application version is -1: true
2020-05-06 15:41:22,387 INFO  [restartedMain] com.netflix.discovery.DiscoveryClient : Getting all instance registry info from the eureka server
2020-05-06 15:41:22,751 INFO  [restartedMain] com.netflix.discovery.DiscoveryClient : The response status is 200
2020-05-06 15:41:22,754 INFO  [restartedMain] com.netflix.discovery.DiscoveryClient : Starting heartbeat executor: renew interval is: 30
2020-05-06 15:41:22,759 INFO  [restartedMain] com.netflix.discovery.InstanceInfoReplicator : InstanceInfoReplicator onDemand update allowed rate per min is 4
2020-05-06 15:41:22,766 INFO  [restartedMain] com.netflix.discovery.DiscoveryClient : Discovery Client initialized at timestamp 1588797682765 with initial instances count: 0
2020-05-06 15:41:22,779 INFO  [restartedMain] org.springframework.cloud.netflix.eureka.serviceregistry.EurekaServiceRegistry : Registering application BACKEND-CITAS-USUARIO with eureka with status UP
2020-05-06 15:41:22,779 INFO  [restartedMain] com.netflix.discovery.DiscoveryClient : Saw local status change event StatusChangeEvent [timestamp=1588797682779, current=UP, previous=STARTING]
2020-05-06 15:41:22,782 INFO  [DiscoveryClient-InstanceInfoReplicator-0] com.netflix.discovery.DiscoveryClient : DiscoveryClient_BACKEND-CITAS-USUARIO/192.168.0.9:backend-citas-usuario:8010: registering service...
2020-05-06 15:41:22,847 INFO  [restartedMain] org.springframework.boot.web.embedded.tomcat.TomcatWebServer : Tomcat started on port(s): 8010 (http) with context path ''
2020-05-06 15:41:22,848 INFO  [restartedMain] org.springframework.cloud.netflix.eureka.serviceregistry.EurekaAutoServiceRegistration : Updating port to 8010
2020-05-06 15:41:22,856 INFO  [restartedMain] com.citas.usuario.SistemaCitasUsuarioApplication : Started SistemaCitasUsuarioApplication in 12.36 seconds (JVM running for 13.506)
2020-05-06 15:41:22,911 INFO  [DiscoveryClient-InstanceInfoReplicator-0] com.netflix.discovery.DiscoveryClient : DiscoveryClient_BACKEND-CITAS-USUARIO/192.168.0.9:backend-citas-usuario:8010 - registration status: 204
2020-05-06 15:41:47,675 INFO  [Thread-1] org.springframework.cloud.netflix.eureka.serviceregistry.EurekaServiceRegistry : Unregistering application BACKEND-CITAS-USUARIO with eureka with status DOWN
2020-05-06 15:41:47,675 WARN  [Thread-1] com.netflix.discovery.DiscoveryClient : Saw local status change event StatusChangeEvent [timestamp=1588797707675, current=DOWN, previous=UP]
2020-05-06 15:41:47,675 INFO  [DiscoveryClient-InstanceInfoReplicator-0] com.netflix.discovery.DiscoveryClient : DiscoveryClient_BACKEND-CITAS-USUARIO/192.168.0.9:backend-citas-usuario:8010: registering service...
2020-05-06 15:41:47,682 INFO  [Thread-1] org.springframework.scheduling.concurrent.ThreadPoolTaskExecutor : Shutting down ExecutorService 'applicationTaskExecutor'
2020-05-06 15:41:47,689 INFO  [DiscoveryClient-InstanceInfoReplicator-0] com.netflix.discovery.DiscoveryClient : DiscoveryClient_BACKEND-CITAS-USUARIO/192.168.0.9:backend-citas-usuario:8010 - registration status: 204
2020-05-06 15:41:47,698 INFO  [Thread-1] org.springframework.orm.jpa.LocalContainerEntityManagerFactoryBean : Closing JPA EntityManagerFactory for persistence unit 'default'
2020-05-06 15:41:47,703 ERROR [Thread-1] org.hibernate.tool.schema.internal.SchemaDropperImpl$DelayedDropActionImpl : HHH000478: Unsuccessful: drop table roles if exists
2020-05-06 15:41:47,704 ERROR [Thread-1] org.hibernate.tool.schema.internal.SchemaDropperImpl$DelayedDropActionImpl : HHH000478: Unsuccessful: drop table usuarios if exists
2020-05-06 15:41:47,921 WARN  [Thread-1] org.springframework.beans.factory.support.DisposableBeanAdapter : Invocation of destroy method failed on bean with name 'inMemoryDatabaseShutdownExecutor': org.h2.jdbc.JdbcSQLNonTransientConnectionException: La base de datos ya esta cerrada (para des-habilitar el cerrado automatico durante el shutdown de la VM, agregue ";DB_CLOSE_ON_EXIT=FALSE" a la URL de conexión)
Database is already closed (to disable automatic closing at VM shutdown, add ";DB_CLOSE_ON_EXIT=FALSE" to the db URL) [90121-200]
2020-05-06 15:41:48,728 INFO  [Thread-1] com.zaxxer.hikari.HikariDataSource : HikariPool-1 - Shutdown initiated...
2020-05-06 15:41:48,734 INFO  [Thread-1] com.zaxxer.hikari.HikariDataSource : HikariPool-1 - Shutdown completed.
2020-05-06 15:41:48,736 INFO  [Thread-1] com.netflix.discovery.DiscoveryClient : Shutting down DiscoveryClient ...
2020-05-06 15:41:51,740 INFO  [Thread-1] com.netflix.discovery.DiscoveryClient : Unregistering ...
2020-05-06 15:41:51,759 INFO  [Thread-1] com.netflix.discovery.DiscoveryClient : DiscoveryClient_BACKEND-CITAS-USUARIO/192.168.0.9:backend-citas-usuario:8010 - deregister  status: 200
2020-05-06 15:41:51,785 INFO  [Thread-1] com.netflix.discovery.DiscoveryClient : Completed shut down of DiscoveryClient
2020-05-06 15:41:52,156 INFO  [restartedMain] com.citas.usuario.SistemaCitasUsuarioApplication : The following profiles are active: prod
2020-05-06 15:41:52,545 INFO  [restartedMain] org.springframework.data.repository.config.RepositoryConfigurationDelegate : Bootstrapping Spring Data JPA repositories in DEFAULT mode.
2020-05-06 15:41:52,555 INFO  [restartedMain] org.springframework.data.repository.config.RepositoryConfigurationDelegate : Finished Spring Data repository scanning in 9ms. Found 2 JPA repository interfaces.
2020-05-06 15:41:59,975 INFO  [restartedMain] com.citas.usuario.SistemaCitasUsuarioApplication : The following profiles are active: prod
2020-05-06 15:42:00,842 INFO  [restartedMain] org.springframework.data.repository.config.RepositoryConfigurationDelegate : Bootstrapping Spring Data JPA repositories in DEFAULT mode.
2020-05-06 15:42:00,915 INFO  [restartedMain] org.springframework.data.repository.config.RepositoryConfigurationDelegate : Finished Spring Data repository scanning in 62ms. Found 2 JPA repository interfaces.
2020-05-06 15:42:01,383 INFO  [restartedMain] org.springframework.cloud.context.scope.GenericScope : BeanFactory id=4124bbde-bc41-3e72-a1ba-3c84d450b204
2020-05-06 15:42:01,621 INFO  [restartedMain] org.springframework.context.support.PostProcessorRegistrationDelegate$BeanPostProcessorChecker : Bean 'org.springframework.transaction.annotation.ProxyTransactionManagementConfiguration' of type [org.springframework.transaction.annotation.ProxyTransactionManagementConfiguration] is not eligible for getting processed by all BeanPostProcessors (for example: not eligible for auto-proxying)
2020-05-06 15:42:02,250 INFO  [restartedMain] org.springframework.boot.web.embedded.tomcat.TomcatWebServer : Tomcat initialized with port(s): 9010 (http)
2020-05-06 15:42:02,279 INFO  [restartedMain] org.apache.catalina.core.StandardService : Starting service [Tomcat]
2020-05-06 15:42:02,280 INFO  [restartedMain] org.apache.catalina.core.StandardEngine : Starting Servlet engine: [Apache Tomcat/9.0.29]
2020-05-06 15:42:02,390 INFO  [restartedMain] org.apache.catalina.core.ContainerBase.[Tomcat].[localhost].[/] : Initializing Spring embedded WebApplicationContext
2020-05-06 15:42:02,467 INFO  [restartedMain] com.zaxxer.hikari.HikariDataSource : HikariPool-1 - Starting...
2020-05-06 15:42:02,563 INFO  [restartedMain] com.zaxxer.hikari.HikariDataSource : HikariPool-1 - Start completed.
2020-05-06 15:42:02,568 INFO  [restartedMain] org.springframework.boot.autoconfigure.h2.H2ConsoleAutoConfiguration : H2 console available at '/h2-console'. Database available at 'jdbc:h2:mem:testdb'
2020-05-06 15:42:02,888 WARN  [restartedMain] org.springframework.cloud.sleuth.zipkin2.ZipkinAutoConfiguration : Check result of the [AsyncReporter{org.springframework.cloud.sleuth.zipkin2.sender.RestTemplateSender@63e76279}] contains an error [CheckResult{ok=false, error=org.springframework.web.client.ResourceAccessException: I/O error on POST request for "http://localhost:9411/api/v2/spans": Conexión rehusada (Connection refused); nested exception is java.net.ConnectException: Conexión rehusada (Connection refused)}]
2020-05-06 15:42:03,870 INFO  [restartedMain] org.springframework.orm.jpa.LocalContainerEntityManagerFactoryBean : Initialized JPA EntityManagerFactory for persistence unit 'default'
2020-05-06 15:42:04,027 WARN  [restartedMain] org.springframework.boot.devtools.autoconfigure.OptionalLiveReloadServer : Unable to start LiveReload server
2020-05-06 15:42:04,398 WARN  [restartedMain] com.netflix.config.sources.URLConfigurationSource : No URLs will be polled as dynamic configuration sources.
2020-05-06 15:42:04,399 INFO  [restartedMain] com.netflix.config.sources.URLConfigurationSource : To enable URLs as dynamic configuration sources, define System property archaius.configurationSource.additionalUrls or make config.properties available on classpath.
2020-05-06 15:42:04,403 WARN  [restartedMain] com.netflix.config.sources.URLConfigurationSource : No URLs will be polled as dynamic configuration sources.
2020-05-06 15:42:04,403 INFO  [restartedMain] com.netflix.config.sources.URLConfigurationSource : To enable URLs as dynamic configuration sources, define System property archaius.configurationSource.additionalUrls or make config.properties available on classpath.
2020-05-06 15:42:04,522 WARN  [restartedMain] org.springframework.boot.autoconfigure.orm.jpa.JpaBaseConfiguration$JpaWebConfiguration : spring.jpa.open-in-view is enabled by default. Therefore, database queries may be performed during view rendering. Explicitly configure spring.jpa.open-in-view to disable this warning
2020-05-06 15:42:04,836 INFO  [restartedMain] org.springframework.scheduling.concurrent.ThreadPoolTaskExecutor : Initializing ExecutorService 'applicationTaskExecutor'
2020-05-06 15:42:05,466 WARN  [restartedMain] org.springframework.cloud.loadbalancer.config.BlockingLoadBalancerClientAutoConfiguration$BlockingLoadBalancerClientRibbonWarnLogger : You already have RibbonLoadBalancerClient on your classpath. It will be used by default. As Spring Cloud Ribbon is in maintenance mode. We recommend switching to BlockingLoadBalancerClient instead. In order to use it, set the value of `spring.cloud.loadbalancer.ribbon.enabled` to `false` or remove spring-cloud-starter-netflix-ribbon from your project.
2020-05-06 15:42:05,873 INFO  [restartedMain] org.springframework.cloud.netflix.eureka.InstanceInfoFactory : Setting initial instance status as: STARTING
2020-05-06 15:42:05,900 INFO  [restartedMain] com.netflix.discovery.DiscoveryClient : Initializing Eureka in region us-east-1
2020-05-06 15:42:06,037 INFO  [restartedMain] com.netflix.discovery.provider.DiscoveryJerseyProvider : Using JSON encoding codec LegacyJacksonJson
2020-05-06 15:42:06,037 INFO  [restartedMain] com.netflix.discovery.provider.DiscoveryJerseyProvider : Using JSON decoding codec LegacyJacksonJson
2020-05-06 15:42:06,176 INFO  [restartedMain] com.netflix.discovery.provider.DiscoveryJerseyProvider : Using XML encoding codec XStreamXml
2020-05-06 15:42:06,176 INFO  [restartedMain] com.netflix.discovery.provider.DiscoveryJerseyProvider : Using XML decoding codec XStreamXml
2020-05-06 15:42:06,379 INFO  [restartedMain] com.netflix.discovery.shared.resolver.aws.ConfigClusterResolver : Resolving eureka endpoints via configuration
2020-05-06 15:42:06,394 INFO  [restartedMain] com.netflix.discovery.DiscoveryClient : Disable delta property : false
2020-05-06 15:42:06,394 INFO  [restartedMain] com.netflix.discovery.DiscoveryClient : Single vip registry refresh property : null
2020-05-06 15:42:06,394 INFO  [restartedMain] com.netflix.discovery.DiscoveryClient : Force full registry fetch : false
2020-05-06 15:42:06,395 INFO  [restartedMain] com.netflix.discovery.DiscoveryClient : Application is null : false
2020-05-06 15:42:06,395 INFO  [restartedMain] com.netflix.discovery.DiscoveryClient : Registered Applications size is zero : true
2020-05-06 15:42:06,395 INFO  [restartedMain] com.netflix.discovery.DiscoveryClient : Application version is -1: true
2020-05-06 15:42:06,395 INFO  [restartedMain] com.netflix.discovery.DiscoveryClient : Getting all instance registry info from the eureka server
2020-05-06 15:42:06,500 INFO  [restartedMain] com.netflix.discovery.DiscoveryClient : The response status is 200
2020-05-06 15:42:06,503 INFO  [restartedMain] com.netflix.discovery.DiscoveryClient : Starting heartbeat executor: renew interval is: 30
2020-05-06 15:42:06,507 INFO  [restartedMain] com.netflix.discovery.InstanceInfoReplicator : InstanceInfoReplicator onDemand update allowed rate per min is 4
2020-05-06 15:42:06,517 INFO  [restartedMain] com.netflix.discovery.DiscoveryClient : Discovery Client initialized at timestamp 1588797726515 with initial instances count: 0
2020-05-06 15:42:06,531 INFO  [restartedMain] org.springframework.cloud.netflix.eureka.serviceregistry.EurekaServiceRegistry : Registering application BACKEND-CITAS-USUARIO with eureka with status UP
2020-05-06 15:42:06,532 INFO  [restartedMain] com.netflix.discovery.DiscoveryClient : Saw local status change event StatusChangeEvent [timestamp=1588797726532, current=UP, previous=STARTING]
2020-05-06 15:42:06,534 INFO  [DiscoveryClient-InstanceInfoReplicator-0] com.netflix.discovery.DiscoveryClient : DiscoveryClient_BACKEND-CITAS-USUARIO/192.168.0.9:backend-citas-usuario:9010: registering service...
2020-05-06 15:42:06,578 INFO  [DiscoveryClient-InstanceInfoReplicator-0] com.netflix.discovery.DiscoveryClient : DiscoveryClient_BACKEND-CITAS-USUARIO/192.168.0.9:backend-citas-usuario:9010 - registration status: 204
2020-05-06 15:42:06,586 INFO  [restartedMain] org.springframework.boot.web.embedded.tomcat.TomcatWebServer : Tomcat started on port(s): 9010 (http) with context path ''
2020-05-06 15:42:06,587 INFO  [restartedMain] org.springframework.cloud.netflix.eureka.serviceregistry.EurekaAutoServiceRegistration : Updating port to 9010
2020-05-06 15:42:06,592 INFO  [restartedMain] com.citas.usuario.SistemaCitasUsuarioApplication : Started SistemaCitasUsuarioApplication in 7.781 seconds (JVM running for 8.992)
2020-05-06 15:42:36,503 INFO  [DiscoveryClient-CacheRefreshExecutor-0] com.netflix.discovery.DiscoveryClient : Disable delta property : false
2020-05-06 15:42:36,503 INFO  [DiscoveryClient-CacheRefreshExecutor-0] com.netflix.discovery.DiscoveryClient : Single vip registry refresh property : null
2020-05-06 15:42:36,503 INFO  [DiscoveryClient-CacheRefreshExecutor-0] com.netflix.discovery.DiscoveryClient : Force full registry fetch : false
2020-05-06 15:42:36,503 INFO  [DiscoveryClient-CacheRefreshExecutor-0] com.netflix.discovery.DiscoveryClient : Application is null : false
2020-05-06 15:42:36,503 INFO  [DiscoveryClient-CacheRefreshExecutor-0] com.netflix.discovery.DiscoveryClient : Registered Applications size is zero : true
2020-05-06 15:42:36,503 INFO  [DiscoveryClient-CacheRefreshExecutor-0] com.netflix.discovery.DiscoveryClient : Application version is -1: false
2020-05-06 15:42:36,503 INFO  [DiscoveryClient-CacheRefreshExecutor-0] com.netflix.discovery.DiscoveryClient : Getting all instance registry info from the eureka server
2020-05-06 15:42:36,532 INFO  [DiscoveryClient-CacheRefreshExecutor-0] com.netflix.discovery.DiscoveryClient : The response status is 200
2020-05-06 15:47:07,132 INFO  [AsyncResolver-bootstrap-executor-0] com.netflix.discovery.shared.resolver.aws.ConfigClusterResolver : Resolving eureka endpoints via configuration
2020-05-06 15:50:02,123 INFO  [Thread-1] org.springframework.cloud.netflix.eureka.serviceregistry.EurekaServiceRegistry : Unregistering application BACKEND-CITAS-USUARIO with eureka with status DOWN
2020-05-06 15:50:02,125 WARN  [Thread-1] com.netflix.discovery.DiscoveryClient : Saw local status change event StatusChangeEvent [timestamp=1588798202125, current=DOWN, previous=UP]
2020-05-06 15:50:02,125 INFO  [DiscoveryClient-InstanceInfoReplicator-0] com.netflix.discovery.DiscoveryClient : DiscoveryClient_BACKEND-CITAS-USUARIO/192.168.0.9:backend-citas-usuario:9010: registering service...
2020-05-06 15:50:02,133 INFO  [Thread-1] org.springframework.scheduling.concurrent.ThreadPoolTaskExecutor : Shutting down ExecutorService 'applicationTaskExecutor'
2020-05-06 15:50:02,137 INFO  [Thread-1] org.springframework.orm.jpa.LocalContainerEntityManagerFactoryBean : Closing JPA EntityManagerFactory for persistence unit 'default'
2020-05-06 15:50:02,137 INFO  [DiscoveryClient-InstanceInfoReplicator-0] com.netflix.discovery.DiscoveryClient : DiscoveryClient_BACKEND-CITAS-USUARIO/192.168.0.9:backend-citas-usuario:9010 - registration status: 204
2020-05-06 15:50:02,142 ERROR [Thread-1] org.hibernate.tool.schema.internal.SchemaDropperImpl$DelayedDropActionImpl : HHH000478: Unsuccessful: drop table roles if exists
2020-05-06 15:50:02,143 ERROR [Thread-1] org.hibernate.tool.schema.internal.SchemaDropperImpl$DelayedDropActionImpl : HHH000478: Unsuccessful: drop table usuarios if exists
2020-05-06 15:50:02,395 WARN  [Thread-1] org.springframework.beans.factory.support.DisposableBeanAdapter : Invocation of destroy method failed on bean with name 'inMemoryDatabaseShutdownExecutor': org.h2.jdbc.JdbcSQLNonTransientConnectionException: La base de datos ya esta cerrada (para des-habilitar el cerrado automatico durante el shutdown de la VM, agregue ";DB_CLOSE_ON_EXIT=FALSE" a la URL de conexión)
Database is already closed (to disable automatic closing at VM shutdown, add ";DB_CLOSE_ON_EXIT=FALSE" to the db URL) [90121-200]
2020-05-06 15:50:02,706 INFO  [Thread-1] com.zaxxer.hikari.HikariDataSource : HikariPool-1 - Shutdown initiated...
2020-05-06 15:50:02,712 INFO  [Thread-1] com.zaxxer.hikari.HikariDataSource : HikariPool-1 - Shutdown completed.
2020-05-06 15:50:02,714 INFO  [Thread-1] com.netflix.discovery.DiscoveryClient : Shutting down DiscoveryClient ...
2020-05-06 15:50:05,719 INFO  [Thread-1] com.netflix.discovery.DiscoveryClient : Unregistering ...
2020-05-06 15:50:05,727 INFO  [Thread-1] com.netflix.discovery.DiscoveryClient : DiscoveryClient_BACKEND-CITAS-USUARIO/192.168.0.9:backend-citas-usuario:9010 - deregister  status: 200
2020-05-06 15:50:05,752 INFO  [Thread-1] com.netflix.discovery.DiscoveryClient : Completed shut down of DiscoveryClient
2020-05-06 15:50:06,313 INFO  [restartedMain] com.citas.usuario.SistemaCitasUsuarioApplication : The following profiles are active: prod
2020-05-06 15:50:06,722 INFO  [restartedMain] org.springframework.data.repository.config.RepositoryConfigurationDelegate : Bootstrapping Spring Data JPA repositories in DEFAULT mode.
2020-05-06 15:50:06,733 INFO  [restartedMain] org.springframework.data.repository.config.RepositoryConfigurationDelegate : Finished Spring Data repository scanning in 10ms. Found 2 JPA repository interfaces.
2020-05-06 15:50:06,904 INFO  [restartedMain] org.springframework.cloud.context.scope.GenericScope : BeanFactory id=4124bbde-bc41-3e72-a1ba-3c84d450b204
2020-05-06 15:50:06,957 INFO  [restartedMain] org.springframework.context.support.PostProcessorRegistrationDelegate$BeanPostProcessorChecker : Bean 'org.springframework.transaction.annotation.ProxyTransactionManagementConfiguration' of type [org.springframework.transaction.annotation.ProxyTransactionManagementConfiguration] is not eligible for getting processed by all BeanPostProcessors (for example: not eligible for auto-proxying)
2020-05-06 15:50:07,091 WARN  [restartedMain] org.apache.tomcat.util.modeler.Registry : The MBean registry cannot be disabled because it has already been initialised
2020-05-06 15:50:07,130 INFO  [restartedMain] org.springframework.boot.web.embedded.tomcat.TomcatWebServer : Tomcat initialized with port(s): 9010 (http)
2020-05-06 15:50:07,131 INFO  [restartedMain] org.apache.catalina.core.StandardService : Starting service [Tomcat]
2020-05-06 15:50:07,131 INFO  [restartedMain] org.apache.catalina.core.StandardEngine : Starting Servlet engine: [Apache Tomcat/9.0.29]
2020-05-06 15:50:07,168 INFO  [restartedMain] org.apache.catalina.core.ContainerBase.[Tomcat].[localhost].[/] : Initializing Spring embedded WebApplicationContext
2020-05-06 15:50:07,209 INFO  [restartedMain] com.zaxxer.hikari.HikariDataSource : HikariPool-2 - Starting...
2020-05-06 15:50:07,213 INFO  [restartedMain] com.zaxxer.hikari.HikariDataSource : HikariPool-2 - Start completed.
2020-05-06 15:50:07,213 INFO  [restartedMain] org.springframework.boot.autoconfigure.h2.H2ConsoleAutoConfiguration : H2 console available at '/h2-console'. Database available at 'jdbc:h2:mem:testdb'
2020-05-06 15:50:07,395 WARN  [restartedMain] org.springframework.cloud.sleuth.zipkin2.ZipkinAutoConfiguration : Check result of the [AsyncReporter{org.springframework.cloud.sleuth.zipkin2.sender.RestTemplateSender@9f2444d}] contains an error [CheckResult{ok=false, error=org.springframework.web.client.ResourceAccessException: I/O error on POST request for "http://localhost:9411/api/v2/spans": Conexión rehusada (Connection refused); nested exception is java.net.ConnectException: Conexión rehusada (Connection refused)}]
2020-05-06 15:50:07,591 INFO  [restartedMain] org.springframework.orm.jpa.LocalContainerEntityManagerFactoryBean : Initialized JPA EntityManagerFactory for persistence unit 'default'
2020-05-06 15:50:07,650 WARN  [restartedMain] org.springframework.boot.devtools.autoconfigure.OptionalLiveReloadServer : Unable to start LiveReload server
2020-05-06 15:50:07,810 WARN  [restartedMain] com.netflix.config.sources.URLConfigurationSource : No URLs will be polled as dynamic configuration sources.
2020-05-06 15:50:07,810 INFO  [restartedMain] com.netflix.config.sources.URLConfigurationSource : To enable URLs as dynamic configuration sources, define System property archaius.configurationSource.additionalUrls or make config.properties available on classpath.
2020-05-06 15:50:07,914 WARN  [restartedMain] org.springframework.boot.autoconfigure.orm.jpa.JpaBaseConfiguration$JpaWebConfiguration : spring.jpa.open-in-view is enabled by default. Therefore, database queries may be performed during view rendering. Explicitly configure spring.jpa.open-in-view to disable this warning
2020-05-06 15:50:08,116 INFO  [restartedMain] org.springframework.scheduling.concurrent.ThreadPoolTaskExecutor : Initializing ExecutorService 'applicationTaskExecutor'
2020-05-06 15:50:08,542 WARN  [restartedMain] org.springframework.cloud.loadbalancer.config.BlockingLoadBalancerClientAutoConfiguration$BlockingLoadBalancerClientRibbonWarnLogger : You already have RibbonLoadBalancerClient on your classpath. It will be used by default. As Spring Cloud Ribbon is in maintenance mode. We recommend switching to BlockingLoadBalancerClient instead. In order to use it, set the value of `spring.cloud.loadbalancer.ribbon.enabled` to `false` or remove spring-cloud-starter-netflix-ribbon from your project.
2020-05-06 15:50:08,775 INFO  [restartedMain] org.springframework.cloud.netflix.eureka.InstanceInfoFactory : Setting initial instance status as: STARTING
2020-05-06 15:50:08,779 INFO  [restartedMain] com.netflix.discovery.DiscoveryClient : Initializing Eureka in region us-east-1
2020-05-06 15:50:08,799 INFO  [restartedMain] com.netflix.discovery.provider.DiscoveryJerseyProvider : Using JSON encoding codec LegacyJacksonJson
2020-05-06 15:50:08,799 INFO  [restartedMain] com.netflix.discovery.provider.DiscoveryJerseyProvider : Using JSON decoding codec LegacyJacksonJson
2020-05-06 15:50:08,799 INFO  [restartedMain] com.netflix.discovery.provider.DiscoveryJerseyProvider : Using XML encoding codec XStreamXml
2020-05-06 15:50:08,799 INFO  [restartedMain] com.netflix.discovery.provider.DiscoveryJerseyProvider : Using XML decoding codec XStreamXml
2020-05-06 15:50:08,930 INFO  [restartedMain] com.netflix.discovery.shared.resolver.aws.ConfigClusterResolver : Resolving eureka endpoints via configuration
2020-05-06 15:50:08,931 INFO  [restartedMain] com.netflix.discovery.DiscoveryClient : Disable delta property : false
2020-05-06 15:50:08,931 INFO  [restartedMain] com.netflix.discovery.DiscoveryClient : Single vip registry refresh property : null
2020-05-06 15:50:08,931 INFO  [restartedMain] com.netflix.discovery.DiscoveryClient : Force full registry fetch : false
2020-05-06 15:50:08,931 INFO  [restartedMain] com.netflix.discovery.DiscoveryClient : Application is null : false
2020-05-06 15:50:08,931 INFO  [restartedMain] com.netflix.discovery.DiscoveryClient : Registered Applications size is zero : true
2020-05-06 15:50:08,931 INFO  [restartedMain] com.netflix.discovery.DiscoveryClient : Application version is -1: true
2020-05-06 15:50:08,931 INFO  [restartedMain] com.netflix.discovery.DiscoveryClient : Getting all instance registry info from the eureka server
2020-05-06 15:50:08,938 INFO  [restartedMain] com.netflix.discovery.DiscoveryClient : The response status is 200
2020-05-06 15:50:08,939 INFO  [restartedMain] com.netflix.discovery.DiscoveryClient : Starting heartbeat executor: renew interval is: 30
2020-05-06 15:50:08,941 INFO  [restartedMain] com.netflix.discovery.InstanceInfoReplicator : InstanceInfoReplicator onDemand update allowed rate per min is 4
2020-05-06 15:50:08,943 INFO  [restartedMain] com.netflix.discovery.DiscoveryClient : Discovery Client initialized at timestamp 1588798208943 with initial instances count: 1
2020-05-06 15:50:08,954 INFO  [restartedMain] org.springframework.cloud.netflix.eureka.serviceregistry.EurekaServiceRegistry : Registering application BACKEND-CITAS-USUARIO with eureka with status UP
2020-05-06 15:50:08,954 INFO  [restartedMain] com.netflix.discovery.DiscoveryClient : Saw local status change event StatusChangeEvent [timestamp=1588798208954, current=UP, previous=STARTING]
2020-05-06 15:50:08,955 INFO  [DiscoveryClient-InstanceInfoReplicator-0] com.netflix.discovery.DiscoveryClient : DiscoveryClient_BACKEND-CITAS-USUARIO/192.168.0.9:backend-citas-usuario:9010: registering service...
2020-05-06 15:50:08,966 INFO  [DiscoveryClient-InstanceInfoReplicator-0] com.netflix.discovery.DiscoveryClient : DiscoveryClient_BACKEND-CITAS-USUARIO/192.168.0.9:backend-citas-usuario:9010 - registration status: 204
2020-05-06 15:50:08,971 INFO  [restartedMain] org.springframework.boot.web.embedded.tomcat.TomcatWebServer : Tomcat started on port(s): 9010 (http) with context path ''
2020-05-06 15:50:08,972 INFO  [restartedMain] org.springframework.cloud.netflix.eureka.serviceregistry.EurekaAutoServiceRegistration : Updating port to 9010
2020-05-06 15:50:08,977 INFO  [restartedMain] com.citas.usuario.SistemaCitasUsuarioApplication : Started SistemaCitasUsuarioApplication in 3.071 seconds (JVM running for 490.642)
2020-05-06 15:50:08,985 INFO  [restartedMain] org.springframework.boot.devtools.autoconfigure.ConditionEvaluationDeltaLoggingListener : Condition evaluation unchanged
2020-05-06 15:55:09,579 INFO  [AsyncResolver-bootstrap-executor-0] com.netflix.discovery.shared.resolver.aws.ConfigClusterResolver : Resolving eureka endpoints via configuration
2020-05-06 16:00:09,580 INFO  [AsyncResolver-bootstrap-executor-0] com.netflix.discovery.shared.resolver.aws.ConfigClusterResolver : Resolving eureka endpoints via configuration
2020-05-06 16:05:09,581 INFO  [AsyncResolver-bootstrap-executor-0] com.netflix.discovery.shared.resolver.aws.ConfigClusterResolver : Resolving eureka endpoints via configuration
2020-05-06 16:10:09,582 INFO  [AsyncResolver-bootstrap-executor-0] com.netflix.discovery.shared.resolver.aws.ConfigClusterResolver : Resolving eureka endpoints via configuration
2020-05-06 16:15:09,590 INFO  [AsyncResolver-bootstrap-executor-0] com.netflix.discovery.shared.resolver.aws.ConfigClusterResolver : Resolving eureka endpoints via configuration
2020-05-06 16:20:09,591 INFO  [AsyncResolver-bootstrap-executor-0] com.netflix.discovery.shared.resolver.aws.ConfigClusterResolver : Resolving eureka endpoints via configuration
2020-05-06 16:25:09,591 INFO  [AsyncResolver-bootstrap-executor-0] com.netflix.discovery.shared.resolver.aws.ConfigClusterResolver : Resolving eureka endpoints via configuration
2020-05-06 16:30:09,592 INFO  [AsyncResolver-bootstrap-executor-0] com.netflix.discovery.shared.resolver.aws.ConfigClusterResolver : Resolving eureka endpoints via configuration
2020-05-06 16:35:09,592 INFO  [AsyncResolver-bootstrap-executor-0] com.netflix.discovery.shared.resolver.aws.ConfigClusterResolver : Resolving eureka endpoints via configuration
2020-05-06 16:40:09,609 INFO  [AsyncResolver-bootstrap-executor-0] com.netflix.discovery.shared.resolver.aws.ConfigClusterResolver : Resolving eureka endpoints via configuration
2020-05-06 16:42:49,108 INFO  [http-nio-9010-exec-1] org.apache.catalina.core.ContainerBase.[Tomcat].[localhost].[/] : Initializing Spring DispatcherServlet 'dispatcherServlet'
2020-05-06 16:45:09,632 INFO  [AsyncResolver-bootstrap-executor-0] com.netflix.discovery.shared.resolver.aws.ConfigClusterResolver : Resolving eureka endpoints via configuration
2020-05-06 16:50:09,695 INFO  [AsyncResolver-bootstrap-executor-0] com.netflix.discovery.shared.resolver.aws.ConfigClusterResolver : Resolving eureka endpoints via configuration
2020-05-06 16:55:09,826 INFO  [AsyncResolver-bootstrap-executor-0] com.netflix.discovery.shared.resolver.aws.ConfigClusterResolver : Resolving eureka endpoints via configuration
2020-05-06 17:00:09,839 INFO  [AsyncResolver-bootstrap-executor-0] com.netflix.discovery.shared.resolver.aws.ConfigClusterResolver : Resolving eureka endpoints via configuration
